<?xml version="1.0" encoding="UTF-8"?>
<testsuites name="jest tests" tests="1" failures="0" errors="0" time="23.927">
  <testsuite name="undefined" errors="0" failures="0" skipped="0" timestamp="2025-06-25T16:31:12" time="22.472" tests="1">
    <testcase classname=" SQS Queue Created" name=" SQS Queue Created" time="0.004">
    </testcase>
  </testsuite>
</testsuites>